0 info it worked if it ends with ok
1 verbose cli [ 'node',
1 verbose cli   '/Users/sijietian/.nvm/versions/v0.12.1/bin/npm',
1 verbose cli   'run',
1 verbose cli   'test' ]
2 info using npm@3.7.3
3 info using node@v0.12.1
4 verbose run-script [ 'pretest', 'test', 'posttest' ]
5 info lifecycle imperial-metric@1.0.0~pretest: imperial-metric@1.0.0
6 silly lifecycle imperial-metric@1.0.0~pretest: no script for pretest, continuing
7 info lifecycle imperial-metric@1.0.0~test: imperial-metric@1.0.0
8 verbose lifecycle imperial-metric@1.0.0~test: unsafe-perm in lifecycle true
9 verbose lifecycle imperial-metric@1.0.0~test: PATH: /Users/sijietian/.nvm/versions/v0.12.1/lib/node_modules/npm/bin/node-gyp-bin:/Users/sijietian/Documents/code/imperial-metric/node_modules/.bin:/Users/sijietian/.nvm/versions/v0.12.1/bin:/Users/sijietian/.avn/bin:/Users/sijietian/.nvm/versions/v0.12.1/bin:node_modules/.bin:/Users/sijietian/bin:/usr/local/bin:/usr/bin:/bin:/usr/sbin:/sbin:/opt/X11/bin
10 verbose lifecycle imperial-metric@1.0.0~test: CWD: /Users/sijietian/Documents/code/imperial-metric
11 silly lifecycle imperial-metric@1.0.0~test: Args: [ '-c', 'echo "Error: no test specified" && exit 1' ]
12 silly lifecycle imperial-metric@1.0.0~test: Returned: code: 1  signal: null
13 info lifecycle imperial-metric@1.0.0~test: Failed to exec test script
14 verbose stack Error: imperial-metric@1.0.0 test: `echo "Error: no test specified" && exit 1`
14 verbose stack Exit status 1
14 verbose stack     at EventEmitter.<anonymous> (/Users/sijietian/.nvm/versions/v0.12.1/lib/node_modules/npm/lib/utils/lifecycle.js:239:16)
14 verbose stack     at EventEmitter.emit (events.js:110:17)
14 verbose stack     at ChildProcess.<anonymous> (/Users/sijietian/.nvm/versions/v0.12.1/lib/node_modules/npm/lib/utils/spawn.js:24:14)
14 verbose stack     at ChildProcess.emit (events.js:110:17)
14 verbose stack     at maybeClose (child_process.js:1008:16)
14 verbose stack     at Process.ChildProcess._handle.onexit (child_process.js:1080:5)
15 verbose pkgid imperial-metric@1.0.0
16 verbose cwd /Users/sijietian/Documents/code/imperial-metric
17 error Darwin 15.3.0
18 error argv "node" "/Users/sijietian/.nvm/versions/v0.12.1/bin/npm" "run" "test"
19 error node v0.12.1
20 error npm  v3.7.3
21 error code ELIFECYCLE
22 error imperial-metric@1.0.0 test: `echo "Error: no test specified" && exit 1`
22 error Exit status 1
23 error Failed at the imperial-metric@1.0.0 test script 'echo "Error: no test specified" && exit 1'.
23 error Make sure you have the latest version of node.js and npm installed.
23 error If you do, this is most likely a problem with the imperial-metric package,
23 error not with npm itself.
23 error Tell the author that this fails on your system:
23 error     echo "Error: no test specified" && exit 1
23 error You can get information on how to open an issue for this project with:
23 error     npm bugs imperial-metric
23 error Or if that isn't available, you can get their info via:
23 error     npm owner ls imperial-metric
23 error There is likely additional logging output above.
24 verbose exit [ 1, true ]
